<?xml version="1.0" encoding="UTF-8"?>
<!-- Generated by org.testng.reporters.JUnitReportReporter -->
<testsuite hostname="Snehal" failures="0" tests="5" name="DataProvider.DemoWebShop" time="46.158" errors="0" timestamp="2021-07-06T16:52:28 PDT" skipped="0">
  <testcase classname="DataProvider.DemoWebShop" name="login" time="8.426"/>
  <system-out/>
  <testcase classname="DataProvider.DemoWebShop" name="login" time="7.321"/>
  <system-out/>
  <testcase classname="DataProvider.DemoWebShop" name="login" time="10.296"/>
  <system-out/>
  <testcase classname="DataProvider.DemoWebShop" name="login" time="11.485"/>
  <system-out/>
  <testcase classname="DataProvider.DemoWebShop" name="login" time="8.630"/>
  <system-out/>
</testsuite> <!-- DataProvider.DemoWebShop -->
