<?xml version="1.0" encoding="UTF-8"?>
<!-- Generated by org.testng.reporters.JUnitReportReporter -->
<testsuite hostname="Snehal" failures="0" tests="2" name="DataProvider.DataProviderDemo" time="28.719" errors="0" timestamp="2021-07-06T16:00:45 PDT" skipped="0">
  <testcase classname="DataProvider.DataProviderDemo" name="login" time="19.619"/>
  <system-out/>
  <testcase classname="DataProvider.DataProviderDemo" name="login" time="9.100"/>
  <system-out/>
</testsuite> <!-- DataProvider.DataProviderDemo -->
